Started GET "/admin/products" for 127.0.0.1 at 2021-04-20 21:04:41 +0700
  [1m[35m (4.4ms)[0m  [1m[34mSELECT sqlite_version(*)[0m
  [1m[35m (0.6ms)[0m  [1m[34mSELECT "schema_migrations"."version" FROM "schema_migrations" ORDER BY "schema_migrations"."version" ASC[0m
Processing by ProductsController#index as HTML
  Rendering layout layouts/application.html.erb
  Rendering products/index.html.erb within layouts/application
  Rendered products/index.html.erb within layouts/application (Duration: 245.0ms | Allocations: 13698)
  Rendered layout layouts/application.html.erb (Duration: 245.3ms | Allocations: 13783)
Completed 500 Internal Server Error in 364ms (ActiveRecord: 0.0ms | Allocations: 21833)


  
ActionView::Template::Error (Multiple files with the same output path cannot be linked ("products.css")
In "/Users/pin/Desktop/softspec_lab/e-commerce/app/assets/config/manifest.js" these files were linked:
  - /Users/pin/Desktop/softspec_lab/e-commerce/app/assets/stylesheets/products.css
  - /Users/pin/Desktop/softspec_lab/e-commerce/app/assets/stylesheets/products.scss
):
  
sprockets (4.0.2) lib/sprockets/base.rb:100:in `find_all_linked_assets'
sprockets (4.0.2) lib/sprockets/manifest.rb:125:in `block (2 levels) in find'
concurrent-ruby (1.1.8) lib/concurrent-ruby/concurrent/executor/safe_task_executor.rb:24:in `block in execute'
concurrent-ruby (1.1.8) lib/concurrent-ruby/concurrent/synchronization/mutex_lockable_object.rb:41:in `block in synchronize'
concurrent-ruby (1.1.8) lib/concurrent-ruby/concurrent/synchronization/mutex_lockable_object.rb:41:in `synchronize'
concurrent-ruby (1.1.8) lib/concurrent-ruby/concurrent/synchronization/mutex_lockable_object.rb:41:in `synchronize'
concurrent-ruby (1.1.8) lib/concurrent-ruby/concurrent/executor/safe_task_executor.rb:19:in `execute'
concurrent-ruby (1.1.8) lib/concurrent-ruby/concurrent/promise.rb:563:in `block in realize'
concurrent-ruby (1.1.8) lib/concurrent-ruby/concurrent/executor/ruby_thread_pool_executor.rb:363:in `run_task'
concurrent-ruby (1.1.8) lib/concurrent-ruby/concurrent/executor/ruby_thread_pool_executor.rb:352:in `block (3 levels) in create_worker'
concurrent-ruby (1.1.8) lib/concurrent-ruby/concurrent/executor/ruby_thread_pool_executor.rb:335:in `loop'
concurrent-ruby (1.1.8) lib/concurrent-ruby/concurrent/executor/ruby_thread_pool_executor.rb:335:in `block (2 levels) in create_worker'
concurrent-ruby (1.1.8) lib/concurrent-ruby/concurrent/executor/ruby_thread_pool_executor.rb:334:in `catch'
concurrent-ruby (1.1.8) lib/concurrent-ruby/concurrent/executor/ruby_thread_pool_executor.rb:334:in `block in create_worker'
