Started GET "/" for 127.0.0.1 at 2021-03-15 20:29:31 +0700
  [1m[35m (6.4ms)[0m  [1m[34mSELECT sqlite_version(*)[0m
Processing by Rails::WelcomeController#index as HTML
  Rendering /Users/pin/.rbenv/versions/2.6.6/lib/ruby/gems/2.6.0/gems/railties-6.1.3/lib/rails/templates/rails/welcome/index.html.erb
  Rendered /Users/pin/.rbenv/versions/2.6.6/lib/ruby/gems/2.6.0/gems/railties-6.1.3/lib/rails/templates/rails/welcome/index.html.erb (Duration: 13.8ms | Allocations: 525)
Completed 200 OK in 54ms (Views: 25.0ms | ActiveRecord: 0.0ms | Allocations: 4431)


Started GET "/" for 127.0.0.1 at 2021-03-15 20:35:04 +0700
Processing by Rails::WelcomeController#index as HTML
  Rendering /Users/pin/.rbenv/versions/2.6.6/lib/ruby/gems/2.6.0/gems/railties-6.1.3/lib/rails/templates/rails/welcome/index.html.erb
  Rendered /Users/pin/.rbenv/versions/2.6.6/lib/ruby/gems/2.6.0/gems/railties-6.1.3/lib/rails/templates/rails/welcome/index.html.erb (Duration: 12.6ms | Allocations: 227)
Completed 200 OK in 26ms (Views: 17.8ms | ActiveRecord: 0.0ms | Allocations: 897)


Started GET "/" for 127.0.0.1 at 2021-03-16 01:21:53 +0700
  [1m[35m (4.3ms)[0m  [1m[34mSELECT sqlite_version(*)[0m
Processing by HomeController#index as HTML
  Rendering layout layouts/application.html.erb
  Rendering home/index.html.erb within layouts/application
  Rendered home/index.html.erb within layouts/application (Duration: 2.3ms | Allocations: 234)
[Webpacker] Compiling...
[Webpacker] Compiled all packs in /Users/pin/Desktop/softspec_lab/e-commerce/public/packs
[Webpacker] Hash: e332c6419728fac579d5
Version: webpack 4.46.0
Time: 2145ms
Built at: 03/16/2021 1:21:59 AM
                                     Asset       Size       Chunks                         Chunk Names
    js/application-f826770d917d8a37c1d8.js    125 KiB  application  [emitted] [immutable]  application
js/application-f826770d917d8a37c1d8.js.map    139 KiB  application  [emitted] [dev]        application
                             manifest.json  364 bytes               [emitted]              
Entrypoint application = js/application-f826770d917d8a37c1d8.js js/application-f826770d917d8a37c1d8.js.map
[./app/javascript/channels sync recursive _channel\.js$] ./app/javascript/channels sync _channel\.js$ 160 bytes {application} [built]
[./app/javascript/channels/index.js] 211 bytes {application} [built]
[./app/javascript/packs/application.js] 492 bytes {application} [built]
[./node_modules/webpack/buildin/module.js] (webpack)/buildin/module.js 552 bytes {application} [built]
    + 3 hidden modules

  Rendered layout layouts/application.html.erb (Duration: 5231.2ms | Allocations: 17823)
Completed 200 OK in 5266ms (Views: 5238.0ms | ActiveRecord: 0.0ms | Allocations: 20542)


Started GET "/" for 127.0.0.1 at 2021-03-16 01:22:20 +0700
Processing by HomeController#index as HTML
  Rendering layout layouts/application.html.erb
  Rendering home/index.html.erb within layouts/application
  Rendered home/index.html.erb within layouts/application (Duration: 0.5ms | Allocations: 116)
[Webpacker] Everything's up-to-date. Nothing to do
  Rendered layout layouts/application.html.erb (Duration: 6.6ms | Allocations: 3895)
Completed 200 OK in 10ms (Views: 8.8ms | ActiveRecord: 0.0ms | Allocations: 5045)


Started GET "/" for 127.0.0.1 at 2021-03-16 01:23:02 +0700
Processing by HomeController#index as HTML
  Rendering layout layouts/application.html.erb
  Rendering home/index.html.erb within layouts/application
  Rendered home/index.html.erb within layouts/application (Duration: 0.5ms | Allocations: 113)
[Webpacker] Everything's up-to-date. Nothing to do
  Rendered layout layouts/application.html.erb (Duration: 6.0ms | Allocations: 3874)
Completed 200 OK in 9ms (Views: 8.3ms | ActiveRecord: 0.0ms | Allocations: 5017)


  [1m[35m (1.1ms)[0m  [1m[34mSELECT sqlite_version(*)[0m
  [1m[35m (3.4ms)[0m  [1m[35mCREATE TABLE "schema_migrations" ("version" varchar NOT NULL PRIMARY KEY)[0m
  [1m[35m (1.8ms)[0m  [1m[35mCREATE TABLE "ar_internal_metadata" ("key" varchar NOT NULL PRIMARY KEY, "value" varchar, "created_at" datetime(6) NOT NULL, "updated_at" datetime(6) NOT NULL)[0m
  [1m[35m (0.2ms)[0m  [1m[34mSELECT "schema_migrations"."version" FROM "schema_migrations" ORDER BY "schema_migrations"."version" ASC[0m
Migrating to CreateProducts (20210317085312)
  [1m[36mTRANSACTION (0.1ms)[0m  [1m[36mbegin transaction[0m
  [1m[35m (0.4ms)[0m  [1m[35mCREATE TABLE "products" ("id" integer PRIMARY KEY AUTOINCREMENT NOT NULL, "title" varchar, "description" varchar, "stock" integer, "price" integer, "created_at" datetime(6) NOT NULL, "updated_at" datetime(6) NOT NULL)[0m
  [1m[36mActiveRecord::SchemaMigration Create (0.1ms)[0m  [1m[32mINSERT INTO "schema_migrations" ("version") VALUES (?)[0m  [["version", "20210317085312"]]
  [1m[36mTRANSACTION (1.5ms)[0m  [1m[36mcommit transaction[0m
  [1m[36mActiveRecord::InternalMetadata Load (0.4ms)[0m  [1m[34mSELECT "ar_internal_metadata".* FROM "ar_internal_metadata" WHERE "ar_internal_metadata"."key" = ? LIMIT ?[0m  [["key", "environment"], ["LIMIT", 1]]
  [1m[36mTRANSACTION (0.1ms)[0m  [1m[36mbegin transaction[0m
  [1m[36mActiveRecord::InternalMetadata Create (0.4ms)[0m  [1m[32mINSERT INTO "ar_internal_metadata" ("key", "value", "created_at", "updated_at") VALUES (?, ?, ?, ?)[0m  [["key", "environment"], ["value", "development"], ["created_at", "2021-03-17 08:57:14.545270"], ["updated_at", "2021-03-17 08:57:14.545270"]]
  [1m[36mTRANSACTION (0.7ms)[0m  [1m[36mcommit transaction[0m
  [1m[35m (0.1ms)[0m  [1m[34mSELECT sqlite_version(*)[0m
  [1m[35m (0.2ms)[0m  [1m[34mSELECT "schema_migrations"."version" FROM "schema_migrations" ORDER BY "schema_migrations"."version" ASC[0m
Started GET "/" for 127.0.0.1 at 2021-03-17 15:57:26 +0700
  [1m[35m (0.9ms)[0m  [1m[34mSELECT sqlite_version(*)[0m
  [1m[35m (0.2ms)[0m  [1m[34mSELECT "schema_migrations"."version" FROM "schema_migrations" ORDER BY "schema_migrations"."version" ASC[0m
Processing by HomeController#index as HTML
  Rendering layout layouts/application.html.erb
  Rendering home/index.html.erb within layouts/application
  Rendered home/index.html.erb within layouts/application (Duration: 1.5ms | Allocations: 235)
[Webpacker] Everything's up-to-date. Nothing to do
  Rendered layout layouts/application.html.erb (Duration: 247.6ms | Allocations: 17810)
Completed 200 OK in 280ms (Views: 257.7ms | ActiveRecord: 0.0ms | Allocations: 20823)


Started GET "/products" for 127.0.0.1 at 2021-03-17 15:57:35 +0700
Processing by ProductsController#index as HTML
  Rendering layout layouts/application.html.erb
  Rendering products/index.html.erb within layouts/application
  [1m[36mProduct Load (0.2ms)[0m  [1m[34mSELECT "products".* FROM "products"[0m
  ↳ app/views/products/index.html.erb:17
  Rendered products/index.html.erb within layouts/application (Duration: 3.3ms | Allocations: 1078)
[Webpacker] Everything's up-to-date. Nothing to do
  Rendered layout layouts/application.html.erb (Duration: 10.4ms | Allocations: 4739)
Completed 200 OK in 17ms (Views: 12.5ms | ActiveRecord: 0.2ms | Allocations: 6117)


Started GET "/" for 127.0.0.1 at 2021-03-17 16:03:21 +0700
  [1m[35m (2.0ms)[0m  [1m[34mSELECT sqlite_version(*)[0m
  [1m[35m (0.3ms)[0m  [1m[34mSELECT "schema_migrations"."version" FROM "schema_migrations" ORDER BY "schema_migrations"."version" ASC[0m
Processing by ProductsController#index as HTML
  Rendering layout layouts/application.html.erb
  Rendering products/index.html.erb within layouts/application
  [1m[36mProduct Load (0.2ms)[0m  [1m[34mSELECT "products".* FROM "products"[0m
  ↳ app/views/products/index.html.erb:17
  Rendered products/index.html.erb within layouts/application (Duration: 3.8ms | Allocations: 1195)
[Webpacker] Everything's up-to-date. Nothing to do
  Rendered layout layouts/application.html.erb (Duration: 18.3ms | Allocations: 7469)
Completed 200 OK in 41ms (Views: 22.6ms | ActiveRecord: 0.2ms | Allocations: 10680)


Started GET "/" for 127.0.0.1 at 2021-03-17 16:04:35 +0700
  [1m[35m (1.8ms)[0m  [1m[34mSELECT sqlite_version(*)[0m
  [1m[35m (0.4ms)[0m  [1m[34mSELECT "schema_migrations"."version" FROM "schema_migrations" ORDER BY "schema_migrations"."version" ASC[0m
Processing by ProductsController#index as HTML
  Rendering layout layouts/application.html.erb
  Rendering products/index.html.erb within layouts/application
  [1m[36mProduct Load (0.6ms)[0m  [1m[34mSELECT "products".* FROM "products"[0m
  ↳ app/views/products/index.html.erb:17
  Rendered products/index.html.erb within layouts/application (Duration: 3.9ms | Allocations: 1370)
[Webpacker] Everything's up-to-date. Nothing to do
  Rendered layout layouts/application.html.erb (Duration: 26.4ms | Allocations: 9622)
Completed 200 OK in 50ms (Views: 29.9ms | ActiveRecord: 0.6ms | Allocations: 13053)


DEPRECATION WARNING: [] is deprecated and will be removed from Rails 6.2 (Use configs_for) (called from migration_template at (erb):6)
DEPRECATION WARNING: [] is deprecated and will be removed from Rails 6.2 (Use configs_for) (called from migration_template at (erb):6)
DEPRECATION WARNING: [] is deprecated and will be removed from Rails 6.2 (Use configs_for) (called from <main> at /Users/pin/Desktop/softspec_lab/e-commerce/bin/rails:5)
DEPRECATION WARNING: [] is deprecated and will be removed from Rails 6.2 (Use configs_for) (called from <main> at /Users/pin/Desktop/softspec_lab/e-commerce/bin/rails:5)
DEPRECATION WARNING: [] is deprecated and will be removed from Rails 6.2 (Use configs_for) (called from <main> at /Users/pin/Desktop/softspec_lab/e-commerce/bin/rails:5)
DEPRECATION WARNING: [] is deprecated and will be removed from Rails 6.2 (Use configs_for) (called from <main> at /Users/pin/Desktop/softspec_lab/e-commerce/bin/rails:5)
DEPRECATION WARNING: [] is deprecated and will be removed from Rails 6.2 (Use configs_for) (called from <main> at /Users/pin/Desktop/softspec_lab/e-commerce/bin/rails:5)
  [1m[35m (0.4ms)[0m  [1m[34mSELECT sqlite_version(*)[0m
  [1m[35m (0.1ms)[0m  [1m[34mSELECT "schema_migrations"."version" FROM "schema_migrations" ORDER BY "schema_migrations"."version" ASC[0m
Migrating to DeviseCreateAdmins (20210317090559)
  [1m[36mTRANSACTION (0.1ms)[0m  [1m[36mbegin transaction[0m
  [1m[35m (0.5ms)[0m  [1m[35mCREATE TABLE "admins" ("id" integer PRIMARY KEY AUTOINCREMENT NOT NULL, "email" varchar DEFAULT '' NOT NULL, "encrypted_password" varchar DEFAULT '' NOT NULL, "reset_password_token" varchar, "reset_password_sent_at" datetime, "remember_created_at" datetime, "created_at" datetime(6) NOT NULL, "updated_at" datetime(6) NOT NULL)[0m
  [1m[35m (0.1ms)[0m  [1m[35mCREATE UNIQUE INDEX "index_admins_on_email" ON "admins" ("email")[0m
  [1m[35m (0.1ms)[0m  [1m[35mCREATE UNIQUE INDEX "index_admins_on_reset_password_token" ON "admins" ("reset_password_token")[0m
  [1m[36mActiveRecord::SchemaMigration Create (1.2ms)[0m  [1m[32mINSERT INTO "schema_migrations" ("version") VALUES (?)[0m  [["version", "20210317090559"]]
  [1m[36mTRANSACTION (1.0ms)[0m  [1m[36mcommit transaction[0m
  [1m[36mActiveRecord::InternalMetadata Load (0.8ms)[0m  [1m[34mSELECT "ar_internal_metadata".* FROM "ar_internal_metadata" WHERE "ar_internal_metadata"."key" = ? LIMIT ?[0m  [["key", "environment"], ["LIMIT", 1]]
  [1m[35m (0.1ms)[0m  [1m[34mSELECT sqlite_version(*)[0m
  [1m[35m (0.1ms)[0m  [1m[34mSELECT "schema_migrations"."version" FROM "schema_migrations" ORDER BY "schema_migrations"."version" ASC[0m
Started GET "/" for 127.0.0.1 at 2021-03-17 16:06:27 +0700
  [1m[35m (0.8ms)[0m  [1m[34mSELECT sqlite_version(*)[0m
  [1m[35m (0.5ms)[0m  [1m[34mSELECT "schema_migrations"."version" FROM "schema_migrations" ORDER BY "schema_migrations"."version" ASC[0m
Processing by ProductsController#index as HTML
  Rendering layout layouts/application.html.erb
  Rendering products/index.html.erb within layouts/application
  [1m[36mProduct Load (0.3ms)[0m  [1m[34mSELECT "products".* FROM "products"[0m
  ↳ app/views/products/index.html.erb:17
  Rendered products/index.html.erb within layouts/application (Duration: 5.8ms | Allocations: 1228)
[Webpacker] Everything's up-to-date. Nothing to do
  Rendered layout layouts/application.html.erb (Duration: 29.0ms | Allocations: 9451)
Completed 200 OK in 67ms (Views: 46.9ms | ActiveRecord: 0.3ms | Allocations: 12995)


Started GET "/products/new" for 127.0.0.1 at 2021-03-17 16:06:29 +0700
Processing by ProductsController#new as HTML
  Rendering layout layouts/application.html.erb
  Rendering products/new.html.erb within layouts/application
  Rendered products/_form.html.erb (Duration: 24.1ms | Allocations: 7874)
  Rendered products/new.html.erb within layouts/application (Duration: 26.2ms | Allocations: 8389)
[Webpacker] Everything's up-to-date. Nothing to do
  Rendered layout layouts/application.html.erb (Duration: 30.7ms | Allocations: 12074)
Completed 200 OK in 59ms (Views: 31.3ms | ActiveRecord: 0.9ms | Allocations: 17595)


Started GET "/" for 127.0.0.1 at 2021-03-17 16:08:26 +0700
  [1m[35m (1.3ms)[0m  [1m[34mSELECT sqlite_version(*)[0m
  [1m[35m (0.3ms)[0m  [1m[34mSELECT "schema_migrations"."version" FROM "schema_migrations" ORDER BY "schema_migrations"."version" ASC[0m
Processing by ProductsController#index as HTML
  Rendering layout layouts/application.html.erb
  Rendering products/index.html.erb within layouts/application
  [1m[36mProduct Load (0.2ms)[0m  [1m[34mSELECT "products".* FROM "products"[0m
  ↳ app/views/products/index.html.erb:17
  Rendered products/index.html.erb within layouts/application (Duration: 5.9ms | Allocations: 1305)
[Webpacker] Everything's up-to-date. Nothing to do
  Rendered layout layouts/application.html.erb (Duration: 48.7ms | Allocations: 9563)
Completed 200 OK in 87ms (Views: 57.3ms | ActiveRecord: 0.2ms | Allocations: 13320)


Started GET "/products/new" for 127.0.0.1 at 2021-03-17 16:08:27 +0700
Processing by ProductsController#new as HTML
  Rendering layout layouts/application.html.erb
  Rendering products/new.html.erb within layouts/application
  Rendered products/_form.html.erb (Duration: 34.8ms | Allocations: 4856)
  Rendered products/new.html.erb within layouts/application (Duration: 38.5ms | Allocations: 5220)
[Webpacker] Everything's up-to-date. Nothing to do
  Rendered layout layouts/application.html.erb (Duration: 65.5ms | Allocations: 8901)
Completed 200 OK in 88ms (Views: 66.8ms | ActiveRecord: 1.0ms | Allocations: 13887)


Started POST "/products" for 127.0.0.1 at 2021-03-17 16:08:37 +0700
Processing by ProductsController#create as HTML
  Parameters: {"authenticity_token"=>"[FILTERED]", "product"=>{"title"=>"bear", "description"=>"from northern forest", "stock"=>"-1", "price"=>"-1"}, "commit"=>"Create Product"}
  Rendering layout layouts/application.html.erb
  Rendering products/new.html.erb within layouts/application
  Rendered products/_form.html.erb (Duration: 4.6ms | Allocations: 3187)
  Rendered products/new.html.erb within layouts/application (Duration: 5.1ms | Allocations: 3303)
[Webpacker] Everything's up-to-date. Nothing to do
  Rendered layout layouts/application.html.erb (Duration: 11.7ms | Allocations: 6923)
Completed 422 Unprocessable Entity in 15ms (Views: 12.4ms | ActiveRecord: 0.0ms | Allocations: 8235)


Started POST "/products" for 127.0.0.1 at 2021-03-17 16:08:51 +0700
Processing by ProductsController#create as HTML
  Parameters: {"authenticity_token"=>"[FILTERED]", "product"=>{"title"=>"bear", "description"=>"from northern forest", "stock"=>"2", "price"=>"100000"}, "commit"=>"Create Product"}
  [1m[36mTRANSACTION (0.1ms)[0m  [1m[36mbegin transaction[0m
  ↳ app/controllers/products_controller.rb:27:in `block in create'
  [1m[36mProduct Create (1.0ms)[0m  [1m[32mINSERT INTO "products" ("title", "description", "stock", "price", "created_at", "updated_at") VALUES (?, ?, ?, ?, ?, ?)[0m  [["title", "bear"], ["description", "from northern forest"], ["stock", 2], ["price", 100000], ["created_at", "2021-03-17 09:08:51.173454"], ["updated_at", "2021-03-17 09:08:51.173454"]]
  ↳ app/controllers/products_controller.rb:27:in `block in create'
  [1m[36mTRANSACTION (1.0ms)[0m  [1m[36mcommit transaction[0m
  ↳ app/controllers/products_controller.rb:27:in `block in create'
Redirected to http://127.0.0.1:3000/products/1
Completed 302 Found in 9ms (ActiveRecord: 2.1ms | Allocations: 2684)


Started GET "/products/1" for 127.0.0.1 at 2021-03-17 16:08:51 +0700
Processing by ProductsController#show as HTML
  Parameters: {"id"=>"1"}
  [1m[36mProduct Load (0.3ms)[0m  [1m[34mSELECT "products".* FROM "products" WHERE "products"."id" = ? LIMIT ?[0m  [["id", 1], ["LIMIT", 1]]
  ↳ app/controllers/products_controller.rb:62:in `set_product'
  Rendering layout layouts/application.html.erb
  Rendering products/show.html.erb within layouts/application
  Rendered products/show.html.erb within layouts/application (Duration: 0.9ms | Allocations: 327)
[Webpacker] Everything's up-to-date. Nothing to do
  Rendered layout layouts/application.html.erb (Duration: 7.1ms | Allocations: 3949)
Completed 200 OK in 18ms (Views: 7.6ms | ActiveRecord: 0.3ms | Allocations: 7292)


Started GET "/products" for 127.0.0.1 at 2021-03-17 16:08:55 +0700
Processing by ProductsController#index as HTML
  Rendering layout layouts/application.html.erb
  Rendering products/index.html.erb within layouts/application
  [1m[36mProduct Load (0.2ms)[0m  [1m[34mSELECT "products".* FROM "products"[0m
  ↳ app/views/products/index.html.erb:17
  Rendered products/index.html.erb within layouts/application (Duration: 3.3ms | Allocations: 842)
[Webpacker] Everything's up-to-date. Nothing to do
  Rendered layout layouts/application.html.erb (Duration: 19.0ms | Allocations: 5181)
Completed 200 OK in 21ms (Views: 19.5ms | ActiveRecord: 0.2ms | Allocations: 5611)


Started GET "/" for 127.0.0.1 at 2021-03-17 17:08:18 +0700
  [1m[35m (1.7ms)[0m  [1m[34mSELECT sqlite_version(*)[0m
  [1m[35m (0.8ms)[0m  [1m[34mSELECT "schema_migrations"."version" FROM "schema_migrations" ORDER BY "schema_migrations"."version" ASC[0m
Processing by ProductsController#index as HTML
  Rendering layout layouts/application.html.erb
  Rendering products/index.html.erb within layouts/application
  [1m[36mProduct Load (0.5ms)[0m  [1m[34mSELECT "products".* FROM "products"[0m
  ↳ app/views/products/index.html.erb:17
  Rendered products/index.html.erb within layouts/application (Duration: 19.8ms | Allocations: 6092)
[Webpacker] Everything's up-to-date. Nothing to do
  Rendered layout layouts/application.html.erb (Duration: 52.9ms | Allocations: 14091)
Completed 200 OK in 86ms (Views: 59.4ms | ActiveRecord: 1.2ms | Allocations: 17435)


Started GET "/" for 127.0.0.1 at 2021-03-17 17:08:36 +0700
Processing by ProductsController#index as HTML
  Rendering layout layouts/application.html.erb
  Rendering products/index.html.erb within layouts/application
  [1m[35m (0.1ms)[0m  [1m[34mSELECT sqlite_version(*)[0m
  ↳ app/views/products/index.html.erb:17
  [1m[36mProduct Load (0.3ms)[0m  [1m[34mSELECT "products".* FROM "products"[0m
  ↳ app/views/products/index.html.erb:17
  Rendered products/index.html.erb within layouts/application (Duration: 9.8ms | Allocations: 5509)
[Webpacker] Everything's up-to-date. Nothing to do
  Rendered layout layouts/application.html.erb (Duration: 14.3ms | Allocations: 9196)
Completed 200 OK in 16ms (Views: 15.0ms | ActiveRecord: 1.2ms | Allocations: 10080)


Started GET "/" for 127.0.0.1 at 2021-03-17 17:11:04 +0700
Processing by ProductsController#index as HTML
  Rendering layout layouts/application.html.erb
  Rendering products/index.html.erb within layouts/application
  [1m[36mProduct Load (0.9ms)[0m  [1m[34mSELECT "products".* FROM "products"[0m
  ↳ app/views/products/index.html.erb:17
  Rendered products/index.html.erb within layouts/application (Duration: 8.1ms | Allocations: 1204)
[Webpacker] Everything's up-to-date. Nothing to do
  Rendered layout layouts/application.html.erb (Duration: 22.7ms | Allocations: 5065)
Completed 200 OK in 30ms (Views: 27.4ms | ActiveRecord: 0.9ms | Allocations: 6330)


Started GET "/products/1" for 127.0.0.1 at 2021-03-17 17:11:06 +0700
Processing by ProductsController#show as HTML
  Parameters: {"id"=>"1"}
  Rendering layout layouts/application.html.erb
  Rendering products/show.html.erb within layouts/application
  Rendered products/show.html.erb within layouts/application (Duration: 23.8ms | Allocations: 5490)
  Rendered layout layouts/application.html.erb (Duration: 24.0ms | Allocations: 5570)
Completed 500 Internal Server Error in 27ms (ActiveRecord: 0.0ms | Allocations: 6085)


  
ActionView::Template::Error (undefined method `title' for nil:NilClass):
    2: 
    3: <p>
    4:   <strong>Title:</strong>
    5:   <%= @product.title %>
    6: </p>
    7: 
    8: <p>
  
app/views/products/show.html.erb:5
Started GET "/" for 127.0.0.1 at 2021-03-17 17:11:25 +0700
Processing by ProductsController#index as HTML
  Rendering layout layouts/application.html.erb
  Rendering products/index.html.erb within layouts/application
  [1m[36mProduct Load (0.2ms)[0m  [1m[34mSELECT "products".* FROM "products"[0m
  ↳ app/views/products/index.html.erb:17
  Rendered products/index.html.erb within layouts/application (Duration: 2.9ms | Allocations: 976)
[Webpacker] Everything's up-to-date. Nothing to do
  Rendered layout layouts/application.html.erb (Duration: 17.3ms | Allocations: 4792)
Completed 200 OK in 18ms (Views: 17.6ms | ActiveRecord: 0.2ms | Allocations: 5315)


Started GET "/products/1" for 127.0.0.1 at 2021-03-17 17:11:30 +0700
Processing by ProductsController#show as HTML
  Parameters: {"id"=>"1"}
  Rendering layout layouts/application.html.erb
  Rendering products/show.html.erb within layouts/application
  Rendered products/show.html.erb within layouts/application (Duration: 1.7ms | Allocations: 1389)
  Rendered layout layouts/application.html.erb (Duration: 2.1ms | Allocations: 1471)
Completed 500 Internal Server Error in 4ms (ActiveRecord: 0.0ms | Allocations: 1855)


  
ActionView::Template::Error (undefined method `title' for nil:NilClass):
    2: 
    3: <p>
    4:   <strong>Title:</strong>
    5:   <%= @product.title %>
    6: </p>
    7: 
    8: <p>
  
app/views/products/show.html.erb:5
Started GET "/products/1" for 127.0.0.1 at 2021-03-17 17:13:01 +0700
Processing by ProductsController#show as HTML
  Parameters: {"id"=>"1"}
  [1m[35m (0.1ms)[0m  [1m[34mSELECT sqlite_version(*)[0m
  ↳ app/controllers/products_controller.rb:8:in `show'
  [1m[36mProduct Load (1.2ms)[0m  [1m[34mSELECT "products".* FROM "products" WHERE "products"."id" = ? LIMIT ?[0m  [["id", 1], ["LIMIT", 1]]
  ↳ app/controllers/products_controller.rb:8:in `show'
  Rendering layout layouts/application.html.erb
  Rendering products/show.html.erb within layouts/application
  Rendered products/show.html.erb within layouts/application (Duration: 0.4ms | Allocations: 119)
[Webpacker] Everything's up-to-date. Nothing to do
  Rendered layout layouts/application.html.erb (Duration: 14.3ms | Allocations: 3783)
Completed 200 OK in 32ms (Views: 15.3ms | ActiveRecord: 2.5ms | Allocations: 10183)


Started GET "/products" for 127.0.0.1 at 2021-03-17 17:13:04 +0700
Processing by ProductsController#index as HTML
  Rendering layout layouts/application.html.erb
  Rendering products/index.html.erb within layouts/application
  [1m[36mProduct Load (0.2ms)[0m  [1m[34mSELECT "products".* FROM "products"[0m
  ↳ app/views/products/index.html.erb:17
  Rendered products/index.html.erb within layouts/application (Duration: 3.8ms | Allocations: 927)
[Webpacker] Everything's up-to-date. Nothing to do
  Rendered layout layouts/application.html.erb (Duration: 22.7ms | Allocations: 5391)
Completed 200 OK in 24ms (Views: 23.1ms | ActiveRecord: 0.2ms | Allocations: 5817)


Started GET "/products/1" for 127.0.0.1 at 2021-03-17 17:13:06 +0700
Processing by ProductsController#show as HTML
  Parameters: {"id"=>"1"}
  [1m[36mProduct Load (0.5ms)[0m  [1m[34mSELECT "products".* FROM "products" WHERE "products"."id" = ? LIMIT ?[0m  [["id", 1], ["LIMIT", 1]]
  ↳ app/controllers/products_controller.rb:8:in `show'
  Rendering layout layouts/application.html.erb
  Rendering products/show.html.erb within layouts/application
  Rendered products/show.html.erb within layouts/application (Duration: 0.7ms | Allocations: 106)
[Webpacker] Everything's up-to-date. Nothing to do
  Rendered layout layouts/application.html.erb (Duration: 11.6ms | Allocations: 4562)
Completed 200 OK in 16ms (Views: 12.5ms | ActiveRecord: 0.5ms | Allocations: 5557)


Started GET "/products/1/edit" for 127.0.0.1 at 2021-03-17 17:13:07 +0700
Processing by ProductsController#edit as HTML
  Parameters: {"id"=>"1"}
  Rendering layout layouts/application.html.erb
  Rendering products/edit.html.erb within layouts/application
  Rendered products/_form.html.erb (Duration: 3.0ms | Allocations: 1930)
  Rendered products/edit.html.erb within layouts/application (Duration: 5.4ms | Allocations: 2295)
  Rendered layout layouts/application.html.erb (Duration: 5.9ms | Allocations: 2404)
Completed 500 Internal Server Error in 9ms (ActiveRecord: 0.0ms | Allocations: 3495)


  
ActionView::Template::Error (undefined method `errors' for nil:NilClass):
    1: <%= form_with(model: product) do |form| %>
    2:   <% if product.errors.any? %>
    3:     <div id="error_explanation">
    4:       <h2><%= pluralize(product.errors.count, "error") %> prohibited this product from being saved:</h2>
    5: 
  
app/views/products/_form.html.erb:2
app/views/products/_form.html.erb:1
app/views/products/edit.html.erb:3
Started GET "/products/1/edit" for 127.0.0.1 at 2021-03-17 17:13:48 +0700
Processing by ProductsController#edit as HTML
  Parameters: {"id"=>"1"}
  Rendering layout layouts/application.html.erb
  Rendering products/edit.html.erb within layouts/application
  Rendered products/_form.html.erb (Duration: 1.1ms | Allocations: 1538)
  Rendered products/edit.html.erb within layouts/application (Duration: 1.4ms | Allocations: 1639)
  Rendered layout layouts/application.html.erb (Duration: 1.6ms | Allocations: 1721)
Completed 500 Internal Server Error in 2ms (ActiveRecord: 0.0ms | Allocations: 2101)


  
ActionView::Template::Error (undefined method `errors' for nil:NilClass):
    1: <%= form_with(model: product) do |form| %>
    2:   <% if product.errors.any? %>
    3:     <div id="error_explanation">
    4:       <h2><%= pluralize(product.errors.count, "error") %> prohibited this product from being saved:</h2>
    5: 
  
app/views/products/_form.html.erb:2
app/views/products/_form.html.erb:1
app/views/products/edit.html.erb:3
Started GET "/products/1/edit" for 127.0.0.1 at 2021-03-17 17:13:49 +0700
Processing by ProductsController#edit as HTML
  Parameters: {"id"=>"1"}
  [1m[35m (0.1ms)[0m  [1m[34mSELECT sqlite_version(*)[0m
  ↳ app/controllers/products_controller.rb:16:in `edit'
  [1m[36mProduct Load (0.1ms)[0m  [1m[34mSELECT "products".* FROM "products" WHERE "products"."id" = ? LIMIT ?[0m  [["id", 1], ["LIMIT", 1]]
  ↳ app/controllers/products_controller.rb:16:in `edit'
  Rendering layout layouts/application.html.erb
  Rendering products/edit.html.erb within layouts/application
  Rendered products/_form.html.erb (Duration: 12.8ms | Allocations: 3860)
  Rendered products/edit.html.erb within layouts/application (Duration: 13.2ms | Allocations: 4005)
[Webpacker] Everything's up-to-date. Nothing to do
  Rendered layout layouts/application.html.erb (Duration: 17.5ms | Allocations: 7666)
Completed 200 OK in 26ms (Views: 18.2ms | ActiveRecord: 0.9ms | Allocations: 13649)


Started GET "/products/1" for 127.0.0.1 at 2021-03-17 17:13:55 +0700
Processing by ProductsController#show as HTML
  Parameters: {"id"=>"1"}
  [1m[36mProduct Load (0.2ms)[0m  [1m[34mSELECT "products".* FROM "products" WHERE "products"."id" = ? LIMIT ?[0m  [["id", 1], ["LIMIT", 1]]
  ↳ app/controllers/products_controller.rb:8:in `show'
  Rendering layout layouts/application.html.erb
  Rendering products/show.html.erb within layouts/application
  Rendered products/show.html.erb within layouts/application (Duration: 0.5ms | Allocations: 109)
[Webpacker] Everything's up-to-date. Nothing to do
  Rendered layout layouts/application.html.erb (Duration: 8.1ms | Allocations: 3790)
Completed 200 OK in 11ms (Views: 8.6ms | ActiveRecord: 0.2ms | Allocations: 4768)


Started GET "/products" for 127.0.0.1 at 2021-03-17 17:13:56 +0700
Processing by ProductsController#index as HTML
  Rendering layout layouts/application.html.erb
  Rendering products/index.html.erb within layouts/application
  [1m[36mProduct Load (0.3ms)[0m  [1m[34mSELECT "products".* FROM "products"[0m
  ↳ app/views/products/index.html.erb:17
  Rendered products/index.html.erb within layouts/application (Duration: 4.2ms | Allocations: 873)
[Webpacker] Everything's up-to-date. Nothing to do
  Rendered layout layouts/application.html.erb (Duration: 21.7ms | Allocations: 5337)
Completed 200 OK in 23ms (Views: 22.3ms | ActiveRecord: 0.3ms | Allocations: 5763)


Started GET "/products" for 127.0.0.1 at 2021-03-17 17:15:19 +0700
Processing by ProductsController#index as HTML
  Rendering layout layouts/application.html.erb
  Rendering products/index.html.erb within layouts/application
  [1m[36mProduct Load (0.1ms)[0m  [1m[34mSELECT "products".* FROM "products"[0m
  ↳ app/views/products/index.html.erb:17
  Rendered products/index.html.erb within layouts/application (Duration: 2.7ms | Allocations: 1192)
[Webpacker] Everything's up-to-date. Nothing to do
  Rendered layout layouts/application.html.erb (Duration: 14.8ms | Allocations: 5052)
Completed 200 OK in 19ms (Views: 17.1ms | ActiveRecord: 0.1ms | Allocations: 6309)


Started GET "/products" for 127.0.0.1 at 2021-03-17 17:15:20 +0700
Processing by ProductsController#index as HTML
  Rendering layout layouts/application.html.erb
  Rendering products/index.html.erb within layouts/application
  [1m[36mProduct Load (0.2ms)[0m  [1m[34mSELECT "products".* FROM "products"[0m
  ↳ app/views/products/index.html.erb:17
  Rendered products/index.html.erb within layouts/application (Duration: 2.1ms | Allocations: 854)
[Webpacker] Everything's up-to-date. Nothing to do
  Rendered layout layouts/application.html.erb (Duration: 8.1ms | Allocations: 4535)
Completed 200 OK in 9ms (Views: 8.5ms | ActiveRecord: 0.2ms | Allocations: 4956)


Started GET "/products" for 127.0.0.1 at 2021-03-17 17:16:28 +0700
Processing by ProductsController#index as HTML
  Rendering layout layouts/application.html.erb
  Rendering products/index.html.erb within layouts/application
  [1m[36mProduct Load (0.2ms)[0m  [1m[34mSELECT "products".* FROM "products"[0m
  ↳ app/views/products/index.html.erb:17
  Rendered products/index.html.erb within layouts/application (Duration: 3.3ms | Allocations: 1244)
[Webpacker] Everything's up-to-date. Nothing to do
  Rendered layout layouts/application.html.erb (Duration: 13.0ms | Allocations: 5104)
Completed 200 OK in 16ms (Views: 14.8ms | ActiveRecord: 0.2ms | Allocations: 6361)


Started GET "/admins/sign_in" for 127.0.0.1 at 2021-03-17 17:16:30 +0700
Processing by Devise::SessionsController#new as HTML
  Rendering layout layouts/application.html.erb
  Rendering devise/sessions/new.html.erb within layouts/application
  Rendered devise/shared/_links.html.erb (Duration: 1.3ms | Allocations: 633)
  Rendered devise/sessions/new.html.erb within layouts/application (Duration: 11.7ms | Allocations: 3387)
[Webpacker] Everything's up-to-date. Nothing to do
  Rendered layout layouts/application.html.erb (Duration: 15.9ms | Allocations: 7076)
Completed 200 OK in 27ms (Views: 18.2ms | ActiveRecord: 0.6ms | Allocations: 13640)


Started GET "/admins/sign_up" for 127.0.0.1 at 2021-03-17 17:16:31 +0700
Processing by Devise::RegistrationsController#new as HTML
  Rendering layout layouts/application.html.erb
  Rendering devise/registrations/new.html.erb within layouts/application
  Rendered devise/shared/_error_messages.html.erb (Duration: 1.1ms | Allocations: 243)
  Rendered devise/shared/_links.html.erb (Duration: 0.3ms | Allocations: 147)
  Rendered devise/registrations/new.html.erb within layouts/application (Duration: 17.6ms | Allocations: 1908)
[Webpacker] Everything's up-to-date. Nothing to do
  Rendered layout layouts/application.html.erb (Duration: 25.4ms | Allocations: 6282)
Completed 200 OK in 30ms (Views: 29.1ms | ActiveRecord: 0.0ms | Allocations: 7559)


Started POST "/admins" for 127.0.0.1 at 2021-03-17 17:16:43 +0700
Processing by Devise::RegistrationsController#create as HTML
  Parameters: {"authenticity_token"=>"[FILTERED]", "admin"=>{"email"=>"admin@m.com", "password"=>"[FILTERED]", "password_confirmation"=>"[FILTERED]"}, "commit"=>"Sign up"}
  [1m[36mTRANSACTION (0.1ms)[0m  [1m[36mbegin transaction[0m
  [1m[36mAdmin Exists? (1.9ms)[0m  [1m[34mSELECT 1 AS one FROM "admins" WHERE "admins"."email" = ? LIMIT ?[0m  [["email", "admin@m.com"], ["LIMIT", 1]]
  [1m[36mAdmin Create (1.6ms)[0m  [1m[32mINSERT INTO "admins" ("email", "encrypted_password", "created_at", "updated_at") VALUES (?, ?, ?, ?)[0m  [["email", "admin@m.com"], ["encrypted_password", "$2a$12$3aNxGOqDT89cK6PIqldsIug0K7oLDqjpxUN79T4vCUtbwWnQseyVm"], ["created_at", "2021-03-17 10:16:43.963405"], ["updated_at", "2021-03-17 10:16:43.963405"]]
  [1m[36mTRANSACTION (0.8ms)[0m  [1m[36mcommit transaction[0m
Redirected to http://127.0.0.1:3000/
Completed 302 Found in 236ms (ActiveRecord: 4.3ms | Allocations: 8301)


Started GET "/" for 127.0.0.1 at 2021-03-17 17:16:43 +0700
Processing by ProductsController#index as HTML
  Rendering layout layouts/application.html.erb
  Rendering products/index.html.erb within layouts/application
  [1m[36mProduct Load (0.1ms)[0m  [1m[34mSELECT "products".* FROM "products"[0m
  ↳ app/views/products/index.html.erb:17
  [1m[36mAdmin Load (0.1ms)[0m  [1m[34mSELECT "admins".* FROM "admins" WHERE "admins"."id" = ? ORDER BY "admins"."id" ASC LIMIT ?[0m  [["id", 1], ["LIMIT", 1]]
  ↳ app/views/products/index.html.erb:24
  Rendered products/index.html.erb within layouts/application (Duration: 15.2ms | Allocations: 5323)
  Rendered layout layouts/application.html.erb (Duration: 15.3ms | Allocations: 5405)
Completed 500 Internal Server Error in 16ms (ActiveRecord: 0.3ms | Allocations: 5811)


  
ActionView::Template::Error (undefined local variable or method `destroy_admin_session' for #<ActionView::Base:0x007f88fc030278>
Did you mean?  destroy_admin_session_url
               destroy_admin_session_path):
    33: <br>
    34: <% if admin_signed_in? %>
    35:   <%= link_to 'New Product', new_product_path %>
    36:   <%= link_to 'Sign Out', destroy_admin_session, method: :delete %>
    37: <% else %>
    38:   <%= link_to 'Sign In', new_admin_session_path %>
    39: <% end %>
  
app/views/products/index.html.erb:36
Started GET "/" for 127.0.0.1 at 2021-03-17 17:16:59 +0700
Processing by ProductsController#index as HTML
  Rendering layout layouts/application.html.erb
  Rendering products/index.html.erb within layouts/application
  [1m[36mProduct Load (0.1ms)[0m  [1m[34mSELECT "products".* FROM "products"[0m
  ↳ app/views/products/index.html.erb:17
  [1m[36mAdmin Load (0.1ms)[0m  [1m[34mSELECT "admins".* FROM "admins" WHERE "admins"."id" = ? ORDER BY "admins"."id" ASC LIMIT ?[0m  [["id", 1], ["LIMIT", 1]]
  ↳ app/views/products/index.html.erb:24
  Rendered products/index.html.erb within layouts/application (Duration: 13.0ms | Allocations: 2136)
[Webpacker] Everything's up-to-date. Nothing to do
  Rendered layout layouts/application.html.erb (Duration: 30.4ms | Allocations: 6001)
Completed 200 OK in 34ms (Views: 32.2ms | ActiveRecord: 0.3ms | Allocations: 7270)


Started DELETE "/admins/sign_out" for 127.0.0.1 at 2021-03-17 17:17:06 +0700
Processing by Devise::SessionsController#destroy as HTML
  Parameters: {"authenticity_token"=>"[FILTERED]"}
  [1m[36mAdmin Load (0.2ms)[0m  [1m[34mSELECT "admins".* FROM "admins" WHERE "admins"."id" = ? ORDER BY "admins"."id" ASC LIMIT ?[0m  [["id", 1], ["LIMIT", 1]]
Redirected to http://127.0.0.1:3000/
Completed 302 Found in 14ms (ActiveRecord: 0.2ms | Allocations: 4209)


Started GET "/" for 127.0.0.1 at 2021-03-17 17:17:06 +0700
Processing by ProductsController#index as HTML
  Rendering layout layouts/application.html.erb
  Rendering products/index.html.erb within layouts/application
  [1m[36mProduct Load (0.1ms)[0m  [1m[34mSELECT "products".* FROM "products"[0m
  ↳ app/views/products/index.html.erb:17
  Rendered products/index.html.erb within layouts/application (Duration: 2.0ms | Allocations: 875)
[Webpacker] Everything's up-to-date. Nothing to do
  Rendered layout layouts/application.html.erb (Duration: 7.5ms | Allocations: 4563)
Completed 200 OK in 8ms (Views: 7.8ms | ActiveRecord: 0.1ms | Allocations: 4989)


Started GET "/products/1" for 127.0.0.1 at 2021-03-17 17:17:08 +0700
Processing by ProductsController#show as HTML
  Parameters: {"id"=>"1"}
  [1m[36mProduct Load (0.2ms)[0m  [1m[34mSELECT "products".* FROM "products" WHERE "products"."id" = ? LIMIT ?[0m  [["id", 1], ["LIMIT", 1]]
  ↳ app/controllers/products_controller.rb:8:in `show'
  Rendering layout layouts/application.html.erb
  Rendering products/show.html.erb within layouts/application
  Rendered products/show.html.erb within layouts/application (Duration: 1.6ms | Allocations: 313)
[Webpacker] Everything's up-to-date. Nothing to do
  Rendered layout layouts/application.html.erb (Duration: 11.1ms | Allocations: 4783)
Completed 200 OK in 15ms (Views: 11.7ms | ActiveRecord: 0.2ms | Allocations: 5910)


Started GET "/admins/sign_in" for 127.0.0.1 at 2021-03-17 17:17:12 +0700
Processing by Devise::SessionsController#new as HTML
  Rendering layout layouts/application.html.erb
  Rendering devise/sessions/new.html.erb within layouts/application
  Rendered devise/shared/_links.html.erb (Duration: 1.8ms | Allocations: 537)
  Rendered devise/sessions/new.html.erb within layouts/application (Duration: 5.3ms | Allocations: 1841)
[Webpacker] Everything's up-to-date. Nothing to do
  Rendered layout layouts/application.html.erb (Duration: 15.8ms | Allocations: 6351)
Completed 200 OK in 22ms (Views: 20.6ms | ActiveRecord: 0.0ms | Allocations: 7922)


Started GET "/admins/sign_up" for 127.0.0.1 at 2021-03-17 17:17:14 +0700
Processing by Devise::RegistrationsController#new as HTML
  Rendering layout layouts/application.html.erb
  Rendering devise/registrations/new.html.erb within layouts/application
  Rendered devise/shared/_error_messages.html.erb (Duration: 1.8ms | Allocations: 829)
  Rendered devise/shared/_links.html.erb (Duration: 0.2ms | Allocations: 104)
  Rendered devise/registrations/new.html.erb within layouts/application (Duration: 6.8ms | Allocations: 2358)
[Webpacker] Everything's up-to-date. Nothing to do
  Rendered layout layouts/application.html.erb (Duration: 13.7ms | Allocations: 6223)
Completed 200 OK in 19ms (Views: 17.2ms | ActiveRecord: 0.0ms | Allocations: 7372)


Started GET "/admins/sign_in" for 127.0.0.1 at 2021-03-17 17:17:15 +0700
Processing by Devise::SessionsController#new as HTML
  Rendering layout layouts/application.html.erb
  Rendering devise/sessions/new.html.erb within layouts/application
  Rendered devise/shared/_links.html.erb (Duration: 0.4ms | Allocations: 153)
  Rendered devise/sessions/new.html.erb within layouts/application (Duration: 3.1ms | Allocations: 1037)
[Webpacker] Everything's up-to-date. Nothing to do
  Rendered layout layouts/application.html.erb (Duration: 12.3ms | Allocations: 5441)
Completed 200 OK in 14ms (Views: 13.4ms | ActiveRecord: 0.0ms | Allocations: 6064)


Started POST "/admins/sign_in" for 127.0.0.1 at 2021-03-17 17:17:21 +0700
Processing by Devise::SessionsController#create as HTML
  Parameters: {"authenticity_token"=>"[FILTERED]", "admin"=>{"email"=>"admin@m.com", "password"=>"[FILTERED]", "remember_me"=>"0"}, "commit"=>"Log in"}
  [1m[36mAdmin Load (0.2ms)[0m  [1m[34mSELECT "admins".* FROM "admins" WHERE "admins"."email" = ? ORDER BY "admins"."id" ASC LIMIT ?[0m  [["email", "admin@m.com"], ["LIMIT", 1]]
Redirected to http://127.0.0.1:3000/
Completed 302 Found in 220ms (ActiveRecord: 0.2ms | Allocations: 3598)


Started GET "/" for 127.0.0.1 at 2021-03-17 17:17:21 +0700
Processing by ProductsController#index as HTML
  Rendering layout layouts/application.html.erb
  Rendering products/index.html.erb within layouts/application
  [1m[36mProduct Load (0.1ms)[0m  [1m[34mSELECT "products".* FROM "products"[0m
  ↳ app/views/products/index.html.erb:17
  [1m[36mAdmin Load (0.2ms)[0m  [1m[34mSELECT "admins".* FROM "admins" WHERE "admins"."id" = ? ORDER BY "admins"."id" ASC LIMIT ?[0m  [["id", 1], ["LIMIT", 1]]
  ↳ app/views/products/index.html.erb:24
  Rendered products/index.html.erb within layouts/application (Duration: 3.2ms | Allocations: 1768)
[Webpacker] Everything's up-to-date. Nothing to do
  Rendered layout layouts/application.html.erb (Duration: 14.4ms | Allocations: 5457)
Completed 200 OK in 15ms (Views: 14.5ms | ActiveRecord: 0.3ms | Allocations: 5888)


